<?xml version="1.0" encoding="UTF-8"?>
<testng-results ignored="0" total="0" passed="0" failed="0" skipped="0">
  <reporter-output>
  </reporter-output>
  <suite started-at="2021-02-05T20:13:28 SAST" name="Default suite" finished-at="2021-02-05T20:13:28 SAST" duration-ms="16">
    <groups>
    </groups>
    <test started-at="2021-02-05T20:13:28 SAST" name="Default test" finished-at="2021-02-05T20:13:28 SAST" duration-ms="16">
    </test> <!-- Default test -->
  </suite> <!-- Default suite -->
</testng-results>
